transitMobile/app/build/intermediates/manifest_merge_blame_file/debug/manifest-merger-blame-debug-report.txt
1<?xml version="1.0" encoding="utf-8"?>
2<manifest xmlns:android="http://schemas.android.com/apk/res/android"
3    package="com.jtn.transitmobile"
4    android:versionCode="1"
5    android:versionName="1.0" >
6
7    <uses-sdk
8        android:minSdkVersion="24"
9        android:targetSdkVersion="34" />
10
11    <uses-permission android:name="android.permission.INTERNET" />
11-->src\main\AndroidManifest.xml:5:5-67
11-->src\main\AndroidManifest.xml:5:22-64
12    <uses-permission android:name="android.permission.ACCESS_NETWORK_STATE" />
12-->[com.google.firebase:firebase-auth:22.2.0] AndroidManifest.xml:26:5-79
12-->[com.google.firebase:firebase-auth:22.2.0] AndroidManifest.xml:26:22-76
13
14    <permission
14-->[androidx.core:core:1.9.0] AndroidManifest.xml:22:5-24:47
15        android:name="com.jtn.transitmobile.DYNAMIC_RECEIVER_NOT_EXPORTED_PERMISSION"
15-->[androidx.core:core:1.9.0] AndroidManifest.xml:23:9-81
16        android:protectionLevel="signature" />
16-->[androidx.core:core:1.9.0] AndroidManifest.xml:24:9-44
17
18    <uses-permission android:name="com.jtn.transitmobile.DYNAMIC_RECEIVER_NOT_EXPORTED_PERMISSION" />
18-->[androidx.core:core:1.9.0] AndroidManifest.xml:26:5-97
18-->[androidx.core:core:1.9.0] AndroidManifest.xml:26:22-94
19
20    <application
20-->src\main\AndroidManifest.xml:7:5-41:19
21        android:allowBackup="true"
21-->src\main\AndroidManifest.xml:8:9-35
22        android:appComponentFactory="androidx.core.app.CoreComponentFactory"
22-->[androidx.core:core:1.9.0] AndroidManifest.xml:28:18-86
23        android:dataExtractionRules="@xml/data_extraction_rules"
23-->src\main\AndroidManifest.xml:9:9-65
24        android:debuggable="true"
25        android:extractNativeLibs="false"
26        android:fullBackupContent="@xml/backup_rules"
26-->src\main\AndroidManifest.xml:10:9-54
27        android:icon="@mipmap/ic_launcher"
27-->src\main\AndroidManifest.xml:11:9-43
28        android:label="@string/app_name"
28-->src\main\AndroidManifest.xml:12:9-41
29        android:roundIcon="@mipmap/ic_launcher_round"
29-->src\main\AndroidManifest.xml:13:9-54
30        android:supportsRtl="true"
30-->src\main\AndroidManifest.xml:14:9-35
31        android:theme="@style/Theme.TransitMobile" >
31-->src\main\AndroidManifest.xml:15:9-51
32        <activity
32-->src\main\AndroidManifest.xml:17:9-19:40
33            android:name="com.jtn.transitmobile.VerPartes.View.PartesActivity"
33-->src\main\AndroidManifest.xml:18:13-58
34            android:exported="false" />
34-->src\main\AndroidManifest.xml:19:13-37
35        <activity
35-->src\main\AndroidManifest.xml:20:9-22:40
36            android:name="com.jtn.transitmobile.SacarPartes.View.SacarPartesActivity"
36-->src\main\AndroidManifest.xml:21:13-65
37            android:exported="false" />
37-->src\main\AndroidManifest.xml:22:13-37
38        <activity
38-->src\main\AndroidManifest.xml:23:9-31:20
39            android:name="com.jtn.transitmobile.SplashActivity"
39-->src\main\AndroidManifest.xml:24:13-43
40            android:exported="true" >
40-->src\main\AndroidManifest.xml:25:13-36
41            <intent-filter>
41-->src\main\AndroidManifest.xml:26:13-30:29
42                <action android:name="android.intent.action.MAIN" />
42-->src\main\AndroidManifest.xml:27:17-69
42-->src\main\AndroidManifest.xml:27:25-66
43
44                <category android:name="android.intent.category.LAUNCHER" />
44-->src\main\AndroidManifest.xml:29:17-77
44-->src\main\AndroidManifest.xml:29:27-74
45            </intent-filter>
46        </activity>
47        <activity
47-->src\main\AndroidManifest.xml:32:9-34:40
48            android:name="com.jtn.transitmobile.Home.View.HomeActivity"
48-->src\main\AndroidManifest.xml:33:13-51
49            android:exported="false" />
49-->src\main\AndroidManifest.xml:34:13-37
50        <activity
50-->src\main\AndroidManifest.xml:35:9-37:40
51            android:name="com.jtn.transitmobile.Register.View.RegisterActivity"
51-->src\main\AndroidManifest.xml:36:13-59
52            android:exported="false" />
52-->src\main\AndroidManifest.xml:37:13-37
53        <activity
53-->src\main\AndroidManifest.xml:38:9-40:39
54            android:name="com.jtn.transitmobile.Login.View.MainActivity"
54-->src\main\AndroidManifest.xml:39:13-52
55            android:exported="true" />
55-->src\main\AndroidManifest.xml:40:13-36
56
57        <service
57-->[com.google.firebase:firebase-firestore-ktx:24.9.1] AndroidManifest.xml:9:9-15:19
58            android:name="com.google.firebase.components.ComponentDiscoveryService"
58-->[com.google.firebase:firebase-firestore-ktx:24.9.1] AndroidManifest.xml:10:13-84
59            android:directBootAware="true"
59-->[com.google.firebase:firebase-common:20.4.2] AndroidManifest.xml:32:13-43
60            android:exported="false" >
60-->[com.google.firebase:firebase-firestore-ktx:24.9.1] AndroidManifest.xml:11:13-37
61            <meta-data
61-->[com.google.firebase:firebase-firestore-ktx:24.9.1] AndroidManifest.xml:12:13-14:85
62                android:name="com.google.firebase.components:com.google.firebase.firestore.ktx.FirebaseFirestoreLegacyRegistrar"
62-->[com.google.firebase:firebase-firestore-ktx:24.9.1] AndroidManifest.xml:13:17-129
63                android:value="com.google.firebase.components.ComponentRegistrar" />
63-->[com.google.firebase:firebase-firestore-ktx:24.9.1] AndroidManifest.xml:14:17-82
64            <meta-data
64-->[com.google.firebase:firebase-auth:22.2.0] AndroidManifest.xml:69:13-71:85
65                android:name="com.google.firebase.components:com.google.firebase.auth.FirebaseAuthRegistrar"
65-->[com.google.firebase:firebase-auth:22.2.0] AndroidManifest.xml:70:17-109
66                android:value="com.google.firebase.components.ComponentRegistrar" />
66-->[com.google.firebase:firebase-auth:22.2.0] AndroidManifest.xml:71:17-82
67            <meta-data
67-->[com.google.firebase:firebase-firestore:24.9.1] AndroidManifest.xml:17:13-19:85
68                android:name="com.google.firebase.components:com.google.firebase.firestore.FirebaseFirestoreKtxRegistrar"
68-->[com.google.firebase:firebase-firestore:24.9.1] AndroidManifest.xml:18:17-122
69                android:value="com.google.firebase.components.ComponentRegistrar" />
69-->[com.google.firebase:firebase-firestore:24.9.1] AndroidManifest.xml:19:17-82
70            <meta-data
70-->[com.google.firebase:firebase-firestore:24.9.1] AndroidManifest.xml:20:13-22:85
71                android:name="com.google.firebase.components:com.google.firebase.firestore.FirestoreRegistrar"
71-->[com.google.firebase:firebase-firestore:24.9.1] AndroidManifest.xml:21:17-111
72                android:value="com.google.firebase.components.ComponentRegistrar" />
72-->[com.google.firebase:firebase-firestore:24.9.1] AndroidManifest.xml:22:17-82
73            <meta-data
73-->[com.google.firebase:firebase-common-ktx:20.4.2] AndroidManifest.xml:12:13-14:85
74                android:name="com.google.firebase.components:com.google.firebase.ktx.FirebaseCommonLegacyRegistrar"
74-->[com.google.firebase:firebase-common-ktx:20.4.2] AndroidManifest.xml:13:17-116
75                android:value="com.google.firebase.components.ComponentRegistrar" />
75-->[com.google.firebase:firebase-common-ktx:20.4.2] AndroidManifest.xml:14:17-82
76            <meta-data
76-->[com.google.firebase:firebase-common:20.4.2] AndroidManifest.xml:35:13-37:85
77                android:name="com.google.firebase.components:com.google.firebase.FirebaseCommonKtxRegistrar"
77-->[com.google.firebase:firebase-common:20.4.2] AndroidManifest.xml:36:17-109
78                android:value="com.google.firebase.components.ComponentRegistrar" />
78-->[com.google.firebase:firebase-common:20.4.2] AndroidManifest.xml:37:17-82
79        </service>
80
81        <activity
81-->[com.google.firebase:firebase-auth:22.2.0] AndroidManifest.xml:29:9-46:20
82            android:name="com.google.firebase.auth.internal.GenericIdpActivity"
82-->[com.google.firebase:firebase-auth:22.2.0] AndroidManifest.xml:30:13-80
83            android:excludeFromRecents="true"
83-->[com.google.firebase:firebase-auth:22.2.0] AndroidManifest.xml:31:13-46
84            android:exported="true"
84-->[com.google.firebase:firebase-auth:22.2.0] AndroidManifest.xml:32:13-36
85            android:launchMode="singleTask"
85-->[com.google.firebase:firebase-auth:22.2.0] AndroidManifest.xml:33:13-44
86            android:theme="@android:style/Theme.Translucent.NoTitleBar" >
86-->[com.google.firebase:firebase-auth:22.2.0] AndroidManifest.xml:34:13-72
87            <intent-filter>
87-->[com.google.firebase:firebase-auth:22.2.0] AndroidManifest.xml:35:13-45:29
88                <action android:name="android.intent.action.VIEW" />
88-->[com.google.firebase:firebase-auth:22.2.0] AndroidManifest.xml:36:17-69
88-->[com.google.firebase:firebase-auth:22.2.0] AndroidManifest.xml:36:25-66
89
90                <category android:name="android.intent.category.DEFAULT" />
90-->[com.google.firebase:firebase-auth:22.2.0] AndroidManifest.xml:38:17-76
90-->[com.google.firebase:firebase-auth:22.2.0] AndroidManifest.xml:38:27-73
91                <category android:name="android.intent.category.BROWSABLE" />
91-->[com.google.firebase:firebase-auth:22.2.0] AndroidManifest.xml:39:17-78
91-->[com.google.firebase:firebase-auth:22.2.0] AndroidManifest.xml:39:27-75
92
93                <data
93-->[com.google.firebase:firebase-auth:22.2.0] AndroidManifest.xml:41:17-44:51
94                    android:host="firebase.auth"
94-->[com.google.firebase:firebase-auth:22.2.0] AndroidManifest.xml:42:21-49
95                    android:path="/"
95-->[com.google.firebase:firebase-auth:22.2.0] AndroidManifest.xml:43:21-37
96                    android:scheme="genericidp" />
96-->[com.google.firebase:firebase-auth:22.2.0] AndroidManifest.xml:44:21-48
97            </intent-filter>
98        </activity>
99        <activity
99-->[com.google.firebase:firebase-auth:22.2.0] AndroidManifest.xml:47:9-64:20
100            android:name="com.google.firebase.auth.internal.RecaptchaActivity"
100-->[com.google.firebase:firebase-auth:22.2.0] AndroidManifest.xml:48:13-79
101            android:excludeFromRecents="true"
101-->[com.google.firebase:firebase-auth:22.2.0] AndroidManifest.xml:49:13-46
102            android:exported="true"
102-->[com.google.firebase:firebase-auth:22.2.0] AndroidManifest.xml:50:13-36
103            android:launchMode="singleTask"
103-->[com.google.firebase:firebase-auth:22.2.0] AndroidManifest.xml:51:13-44
104            android:theme="@android:style/Theme.Translucent.NoTitleBar" >
104-->[com.google.firebase:firebase-auth:22.2.0] AndroidManifest.xml:52:13-72
105            <intent-filter>
105-->[com.google.firebase:firebase-auth:22.2.0] AndroidManifest.xml:53:13-63:29
106                <action android:name="android.intent.action.VIEW" />
106-->[com.google.firebase:firebase-auth:22.2.0] AndroidManifest.xml:36:17-69
106-->[com.google.firebase:firebase-auth:22.2.0] AndroidManifest.xml:36:25-66
107
108                <category android:name="android.intent.category.DEFAULT" />
108-->[com.google.firebase:firebase-auth:22.2.0] AndroidManifest.xml:38:17-76
108-->[com.google.firebase:firebase-auth:22.2.0] AndroidManifest.xml:38:27-73
109                <category android:name="android.intent.category.BROWSABLE" />
109-->[com.google.firebase:firebase-auth:22.2.0] AndroidManifest.xml:39:17-78
109-->[com.google.firebase:firebase-auth:22.2.0] AndroidManifest.xml:39:27-75
110
111                <data
111-->[com.google.firebase:firebase-auth:22.2.0] AndroidManifest.xml:41:17-44:51
112                    android:host="firebase.auth"
112-->[com.google.firebase:firebase-auth:22.2.0] AndroidManifest.xml:42:21-49
113                    android:path="/"
113-->[com.google.firebase:firebase-auth:22.2.0] AndroidManifest.xml:43:21-37
114                    android:scheme="recaptcha" />
114-->[com.google.firebase:firebase-auth:22.2.0] AndroidManifest.xml:44:21-48
115            </intent-filter>
116        </activity>
117
118        <provider
118-->[com.google.firebase:firebase-common:20.4.2] AndroidManifest.xml:23:9-28:39
119            android:name="com.google.firebase.provider.FirebaseInitProvider"
119-->[com.google.firebase:firebase-common:20.4.2] AndroidManifest.xml:24:13-77
120            android:authorities="com.jtn.transitmobile.firebaseinitprovider"
120-->[com.google.firebase:firebase-common:20.4.2] AndroidManifest.xml:25:13-72
121            android:directBootAware="true"
121-->[com.google.firebase:firebase-common:20.4.2] AndroidManifest.xml:26:13-43
122            android:exported="false"
122-->[com.google.firebase:firebase-common:20.4.2] AndroidManifest.xml:27:13-37
123            android:initOrder="100" />
123-->[com.google.firebase:firebase-common:20.4.2] AndroidManifest.xml:28:13-36
124
125        <activity
125-->[com.google.android.gms:play-services-base:18.0.1] AndroidManifest.xml:20:9-22:45
126            android:name="com.google.android.gms.common.api.GoogleApiActivity"
126-->[com.google.android.gms:play-services-base:18.0.1] AndroidManifest.xml:20:19-85
127            android:exported="false"
127-->[com.google.android.gms:play-services-base:18.0.1] AndroidManifest.xml:22:19-43
128            android:theme="@android:style/Theme.Translucent.NoTitleBar" />
128-->[com.google.android.gms:play-services-base:18.0.1] AndroidManifest.xml:21:19-78
129
130        <meta-data
130-->[com.google.android.gms:play-services-basement:18.1.0] AndroidManifest.xml:21:9-23:69
131            android:name="com.google.android.gms.version"
131-->[com.google.android.gms:play-services-basement:18.1.0] AndroidManifest.xml:22:13-58
132            android:value="@integer/google_play_services_version" />
132-->[com.google.android.gms:play-services-basement:18.1.0] AndroidManifest.xml:23:13-66
133
134        <provider
134-->[androidx.emoji2:emoji2:1.2.0] AndroidManifest.xml:24:9-32:20
135            android:name="androidx.startup.InitializationProvider"
135-->[androidx.emoji2:emoji2:1.2.0] AndroidManifest.xml:25:13-67
136            android:authorities="com.jtn.transitmobile.androidx-startup"
136-->[androidx.emoji2:emoji2:1.2.0] AndroidManifest.xml:26:13-68
137            android:exported="false" >
137-->[androidx.emoji2:emoji2:1.2.0] AndroidManifest.xml:27:13-37
138            <meta-data
138-->[androidx.emoji2:emoji2:1.2.0] AndroidManifest.xml:29:13-31:52
139                android:name="androidx.emoji2.text.EmojiCompatInitializer"
139-->[androidx.emoji2:emoji2:1.2.0] AndroidManifest.xml:30:17-75
140                android:value="androidx.startup" />
140-->[androidx.emoji2:emoji2:1.2.0] AndroidManifest.xml:31:17-49
141            <meta-data
141-->[androidx.lifecycle:lifecycle-process:2.6.2] AndroidManifest.xml:29:13-31:52
142                android:name="androidx.lifecycle.ProcessLifecycleInitializer"
142-->[androidx.lifecycle:lifecycle-process:2.6.2] AndroidManifest.xml:30:17-78
143                android:value="androidx.startup" />
143-->[androidx.lifecycle:lifecycle-process:2.6.2] AndroidManifest.xml:31:17-49
144            <meta-data
144-->[androidx.profileinstaller:profileinstaller:1.3.0] AndroidManifest.xml:29:13-31:52
145                android:name="androidx.profileinstaller.ProfileInstallerInitializer"
145-->[androidx.profileinstaller:profileinstaller:1.3.0] AndroidManifest.xml:30:17-85
146                android:value="androidx.startup" />
146-->[androidx.profileinstaller:profileinstaller:1.3.0] AndroidManifest.xml:31:17-49
147        </provider>
148
149        <uses-library
149-->[androidx.window:window:1.0.0] AndroidManifest.xml:25:9-27:40
150            android:name="androidx.window.extensions"
150-->[androidx.window:window:1.0.0] AndroidManifest.xml:26:13-54
151            android:required="false" />
151-->[androidx.window:window:1.0.0] AndroidManifest.xml:27:13-37
152        <uses-library
152-->[androidx.window:window:1.0.0] AndroidManifest.xml:28:9-30:40
153            android:name="androidx.window.sidecar"
153-->[androidx.window:window:1.0.0] AndroidManifest.xml:29:13-51
154            android:required="false" />
154-->[androidx.window:window:1.0.0] AndroidManifest.xml:30:13-37
155
156        <receiver
156-->[androidx.profileinstaller:profileinstaller:1.3.0] AndroidManifest.xml:34:9-52:20
157            android:name="androidx.profileinstaller.ProfileInstallReceiver"
157-->[androidx.profileinstaller:profileinstaller:1.3.0] AndroidManifest.xml:35:13-76
158            android:directBootAware="false"
158-->[androidx.profileinstaller:profileinstaller:1.3.0] AndroidManifest.xml:36:13-44
159            android:enabled="true"
159-->[androidx.profileinstaller:profileinstaller:1.3.0] AndroidManifest.xml:37:13-35
160            android:exported="true"
160-->[androidx.profileinstaller:profileinstaller:1.3.0] AndroidManifest.xml:38:13-36
161            android:permission="android.permission.DUMP" >
161-->[androidx.profileinstaller:profileinstaller:1.3.0] AndroidManifest.xml:39:13-57
162            <intent-filter>
162-->[androidx.profileinstaller:profileinstaller:1.3.0] AndroidManifest.xml:40:13-42:29
163                <action android:name="androidx.profileinstaller.action.INSTALL_PROFILE" />
163-->[androidx.profileinstaller:profileinstaller:1.3.0] AndroidManifest.xml:41:17-91
163-->[androidx.profileinstaller:profileinstaller:1.3.0] AndroidManifest.xml:41:25-88
164            </intent-filter>
165            <intent-filter>
165-->[androidx.profileinstaller:profileinstaller:1.3.0] AndroidManifest.xml:43:13-45:29
166                <action android:name="androidx.profileinstaller.action.SKIP_FILE" />
166-->[androidx.profileinstaller:profileinstaller:1.3.0] AndroidManifest.xml:44:17-85
166-->[androidx.profileinstaller:profileinstaller:1.3.0] AndroidManifest.xml:44:25-82
167            </intent-filter>
168            <intent-filter>
168-->[androidx.profileinstaller:profileinstaller:1.3.0] AndroidManifest.xml:46:13-48:29
169                <action android:name="androidx.profileinstaller.action.SAVE_PROFILE" />
169-->[androidx.profileinstaller:profileinstaller:1.3.0] AndroidManifest.xml:47:17-88
169-->[androidx.profileinstaller:profileinstaller:1.3.0] AndroidManifest.xml:47:25-85
170            </intent-filter>
171            <intent-filter>
171-->[androidx.profileinstaller:profileinstaller:1.3.0] AndroidManifest.xml:49:13-51:29
172                <action android:name="androidx.profileinstaller.action.BENCHMARK_OPERATION" />
172-->[androidx.profileinstaller:profileinstaller:1.3.0] AndroidManifest.xml:50:17-95
172-->[androidx.profileinstaller:profileinstaller:1.3.0] AndroidManifest.xml:50:25-92
173            </intent-filter>
174        </receiver>
175    </application>
176
177</manifest>